[2025-07-08T00:19:47.972+0200] {taskinstance.py:1979} INFO - Dependencies all met for dep_context=non-requeueable deps ti=<TaskInstance: daily_prediction.predict_on_daily_data manual__2025-07-07T22:19:42.526202+00:00 [queued]>
[2025-07-08T00:19:47.979+0200] {taskinstance.py:1979} INFO - Dependencies all met for dep_context=requeueable deps ti=<TaskInstance: daily_prediction.predict_on_daily_data manual__2025-07-07T22:19:42.526202+00:00 [queued]>
[2025-07-08T00:19:47.979+0200] {taskinstance.py:2193} INFO - Starting attempt 1 of 2
[2025-07-08T00:19:47.992+0200] {taskinstance.py:2217} INFO - Executing <Task(PythonOperator): predict_on_daily_data> on 2025-07-07 22:19:42.526202+00:00
[2025-07-08T00:19:48.004+0200] {standard_task_runner.py:60} INFO - Started process 60858 to run task
[2025-07-08T00:19:48.011+0200] {standard_task_runner.py:87} INFO - Running: ['airflow', 'tasks', 'run', 'daily_prediction', 'predict_on_daily_data', 'manual__2025-07-07T22:19:42.526202+00:00', '--job-id', '22', '--raw', '--subdir', 'DAGS_FOLDER/dag_daily_prediction.py', '--cfg-path', '/tmp/tmpbakr_mho']
[2025-07-08T00:19:48.015+0200] {standard_task_runner.py:88} INFO - Job 22: Subtask predict_on_daily_data
[2025-07-08T00:19:48.074+0200] {task_command.py:423} INFO - Running <TaskInstance: daily_prediction.predict_on_daily_data manual__2025-07-07T22:19:42.526202+00:00 [running]> on host Datacraft-AC.localdomain
[2025-07-08T00:19:48.169+0200] {taskinstance.py:2513} INFO - Exporting env vars: AIRFLOW_CTX_DAG_OWNER='airflow' AIRFLOW_CTX_DAG_ID='daily_prediction' AIRFLOW_CTX_TASK_ID='predict_on_daily_data' AIRFLOW_CTX_EXECUTION_DATE='2025-07-07T22:19:42.526202+00:00' AIRFLOW_CTX_TRY_NUMBER='1' AIRFLOW_CTX_DAG_RUN_ID='manual__2025-07-07T22:19:42.526202+00:00'
[2025-07-08T00:19:48.172+0200] {logging_mixin.py:188} INFO - 📥 Reading from BigQuery table: jedha2024.raw_api_data.daily_20250707
[2025-07-08T00:19:51.104+0200] {logging_mixin.py:188} INFO - 📡 Sending data to /preprocess_direct
[2025-07-08T00:19:51.243+0200] {logging_mixin.py:188} INFO - 🧹 Removing non-numeric columns: ['ingestion_ts']
[2025-07-08T00:19:51.253+0200] {logging_mixin.py:188} INFO - 🤖 Sending data to /predict
[2025-07-08T00:19:51.284+0200] {logging_mixin.py:188} INFO - 📤 Uploading predictions to: jedha2024.predictions.daily_20250707
[2025-07-08T00:19:53.550+0200] {gbq_connector.py:363} INFO - 500 out of 500 rows loaded.
[2025-07-08T00:19:53.551+0200] {logging_mixin.py:188} INFO - ✅ Predictions saved to jedha2024.predictions.daily_20250707
[2025-07-08T00:19:53.551+0200] {python.py:202} INFO - Done. Returned value was: None
[2025-07-08T00:19:53.557+0200] {taskinstance.py:1149} INFO - Marking task as SUCCESS. dag_id=daily_prediction, task_id=predict_on_daily_data, execution_date=20250707T221942, start_date=20250707T221947, end_date=20250707T221953
[2025-07-08T00:19:53.617+0200] {local_task_job_runner.py:234} INFO - Task exited with return code 0
[2025-07-08T00:19:53.631+0200] {taskinstance.py:3312} INFO - 0 downstream tasks scheduled from follow-on schedule check
